reading words in hex from stdin:
  09401000a
  094020100
  09403000a
  01c401801
  09463000a
  094420004
  09421ffff
  0501f0ffb
  094010003
  094020100
  094040000
  010031000
  090642000
  094420004
  09421ffff
  0501f0ffb
  000000000

instruction trace:
at 00, adds  a,r0,r1
  r0: 00000000  r8: 00000000  r10: 00000000  r18: 00000000
  r1: 0000000a  r9: 00000000  r11: 00000000  r19: 00000000
  r2: 00000000  ra: 00000000  r12: 00000000  r1a: 00000000
  r3: 00000000  rb: 00000000  r13: 00000000  r1b: 00000000
  r4: 00000000  rc: 00000000  r14: 00000000  r1c: 00000000
  r5: 00000000  rd: 00000000  r15: 00000000  r1d: 00000000
  r6: 00000000  re: 00000000  r16: 00000000  r1e: 00000000
  r7: 00000000  rf: 00000000  r17: 00000000  r1f: 00000000
  cc: 0
at 04, adds  100,r0,r2
  r0: 00000000  r8: 00000000  r10: 00000000  r18: 00000000
  r1: 0000000a  r9: 00000000  r11: 00000000  r19: 00000000
  r2: 00000100  ra: 00000000  r12: 00000000  r1a: 00000000
  r3: 00000000  rb: 00000000  r13: 00000000  r1b: 00000000
  r4: 00000000  rc: 00000000  r14: 00000000  r1c: 00000000
  r5: 00000000  rd: 00000000  r15: 00000000  r1d: 00000000
  r6: 00000000  re: 00000000  r16: 00000000  r1e: 00000000
  r7: 00000000  rf: 00000000  r17: 00000000  r1f: 00000000
  cc: 0
at 08, adds  a,r0,r3
  r0: 00000000  r8: 00000000  r10: 00000000  r18: 00000000
  r1: 0000000a  r9: 00000000  r11: 00000000  r19: 00000000
  r2: 00000100  ra: 00000000  r12: 00000000  r1a: 00000000
  r3: 0000000a  rb: 00000000  r13: 00000000  r1b: 00000000
  r4: 00000000  rc: 00000000  r14: 00000000  r1c: 00000000
  r5: 00000000  rd: 00000000  r15: 00000000  r1d: 00000000
  r6: 00000000  re: 00000000  r16: 00000000  r1e: 00000000
  r7: 00000000  rf: 00000000  r17: 00000000  r1f: 00000000
  cc: 0
at 0c, st.l  r3,1(r2)
  write access at address 100
  r0: 00000000  r8: 00000000  r10: 00000000  r18: 00000000
  r1: 0000000a  r9: 00000000  r11: 00000000  r19: 00000000
  r2: 00000100  ra: 00000000  r12: 00000000  r1a: 00000000
  r3: 0000000a  rb: 00000000  r13: 00000000  r1b: 00000000
  r4: 00000000  rc: 00000000  r14: 00000000  r1c: 00000000
  r5: 00000000  rd: 00000000  r15: 00000000  r1d: 00000000
  r6: 00000000  re: 00000000  r16: 00000000  r1e: 00000000
  r7: 00000000  rf: 00000000  r17: 00000000  r1f: 00000000
  cc: 0
at 10, adds  a,r3,r3
  r0: 00000000  r8: 00000000  r10: 00000000  r18: 00000000
  r1: 0000000a  r9: 00000000  r11: 00000000  r19: 00000000
  r2: 00000100  ra: 00000000  r12: 00000000  r1a: 00000000
  r3: 00000014  rb: 00000000  r13: 00000000  r1b: 00000000
  r4: 00000000  rc: 00000000  r14: 00000000  r1c: 00000000
  r5: 00000000  rd: 00000000  r15: 00000000  r1d: 00000000
  r6: 00000000  re: 00000000  r16: 00000000  r1e: 00000000
  r7: 00000000  rf: 00000000  r17: 00000000  r1f: 00000000
  cc: 0
at 14, adds  4,r2,r2
  r0: 00000000  r8: 00000000  r10: 00000000  r18: 00000000
  r1: 0000000a  r9: 00000000  r11: 00000000  r19: 00000000
  r2: 00000104  ra: 00000000  r12: 00000000  r1a: 00000000
  r3: 00000014  rb: 00000000  r13: 00000000  r1b: 00000000
  r4: 00000000  rc: 00000000  r14: 00000000  r1c: 00000000
  r5: 00000000  rd: 00000000  r15: 00000000  r1d: 00000000
  r6: 00000000  re: 00000000  r16: 00000000  r1e: 00000000
  r7: 00000000  rf: 00000000  r17: 00000000  r1f: 00000000
  cc: 0
at 18, adds  ffff,r1,r1
  r0: 00000000  r8: 00000000  r10: 00000000  r18: 00000000
  r1: 00000009  r9: 00000000  r11: 00000000  r19: 00000000
  r2: 00000104  ra: 00000000  r12: 00000000  r1a: 00000000
  r3: 00000014  rb: 00000000  r13: 00000000  r1b: 00000000
  r4: 00000000  rc: 00000000  r14: 00000000  r1c: 00000000
  r5: 00000000  rd: 00000000  r15: 00000000  r1d: 00000000
  r6: 00000000  re: 00000000  r16: 00000000  r1e: 00000000
  r7: 00000000  rf: 00000000  r17: 00000000  r1f: 00000000
  cc: 0
at 1c, btne  r1,r0,fffb (= decimal -5)
  r0: 00000000  r8: 00000000  r10: 00000000  r18: 00000000
  r1: 00000009  r9: 00000000  r11: 00000000  r19: 00000000
  r2: 00000104  ra: 00000000  r12: 00000000  r1a: 00000000
  r3: 00000014  rb: 00000000  r13: 00000000  r1b: 00000000
  r4: 00000000  rc: 00000000  r14: 00000000  r1c: 00000000
  r5: 00000000  rd: 00000000  r15: 00000000  r1d: 00000000
  r6: 00000000  re: 00000000  r16: 00000000  r1e: 00000000
  r7: 00000000  rf: 00000000  r17: 00000000  r1f: 00000000
  cc: 0
at 0c, st.l  r3,1(r2)
  write access at address 104
  r0: 00000000  r8: 00000000  r10: 00000000  r18: 00000000
  r1: 00000009  r9: 00000000  r11: 00000000  r19: 00000000
  r2: 00000104  ra: 00000000  r12: 00000000  r1a: 00000000
  r3: 00000014  rb: 00000000  r13: 00000000  r1b: 00000000
  r4: 00000000  rc: 00000000  r14: 00000000  r1c: 00000000
  r5: 00000000  rd: 00000000  r15: 00000000  r1d: 00000000
  r6: 00000000  re: 00000000  r16: 00000000  r1e: 00000000
  r7: 00000000  rf: 00000000  r17: 00000000  r1f: 00000000
  cc: 0
at 10, adds  a,r3,r3
  r0: 00000000  r8: 00000000  r10: 00000000  r18: 00000000
  r1: 00000009  r9: 00000000  r11: 00000000  r19: 00000000
  r2: 00000104  ra: 00000000  r12: 00000000  r1a: 00000000
  r3: 0000001e  rb: 00000000  r13: 00000000  r1b: 00000000
  r4: 00000000  rc: 00000000  r14: 00000000  r1c: 00000000
  r5: 00000000  rd: 00000000  r15: 00000000  r1d: 00000000
  r6: 00000000  re: 00000000  r16: 00000000  r1e: 00000000
  r7: 00000000  rf: 00000000  r17: 00000000  r1f: 00000000
  cc: 0
at 14, adds  4,r2,r2
  r0: 00000000  r8: 00000000  r10: 00000000  r18: 00000000
  r1: 00000009  r9: 00000000  r11: 00000000  r19: 00000000
  r2: 00000108  ra: 00000000  r12: 00000000  r1a: 00000000
  r3: 0000001e  rb: 00000000  r13: 00000000  r1b: 00000000
  r4: 00000000  rc: 00000000  r14: 00000000  r1c: 00000000
  r5: 00000000  rd: 00000000  r15: 00000000  r1d: 00000000
  r6: 00000000  re: 00000000  r16: 00000000  r1e: 00000000
  r7: 00000000  rf: 00000000  r17: 00000000  r1f: 00000000
  cc: 0
at 18, adds  ffff,r1,r1
  r0: 00000000  r8: 00000000  r10: 00000000  r18: 00000000
  r1: 00000008  r9: 00000000  r11: 00000000  r19: 00000000
  r2: 00000108  ra: 00000000  r12: 00000000  r1a: 00000000
  r3: 0000001e  rb: 00000000  r13: 00000000  r1b: 00000000
  r4: 00000000  rc: 00000000  r14: 00000000  r1c: 00000000
  r5: 00000000  rd: 00000000  r15: 00000000  r1d: 00000000
  r6: 00000000  re: 00000000  r16: 00000000  r1e: 00000000
  r7: 00000000  rf: 00000000  r17: 00000000  r1f: 00000000
  cc: 0
at 1c, btne  r1,r0,fffb (= decimal -5)
  r0: 00000000  r8: 00000000  r10: 00000000  r18: 00000000
  r1: 00000008  r9: 00000000  r11: 00000000  r19: 00000000
  r2: 00000108  ra: 00000000  r12: 00000000  r1a: 00000000
  r3: 0000001e  rb: 00000000  r13: 00000000  r1b: 00000000
  r4: 00000000  rc: 00000000  r14: 00000000  r1c: 00000000
  r5: 00000000  rd: 00000000  r15: 00000000  r1d: 00000000
  r6: 00000000  re: 00000000  r16: 00000000  r1e: 00000000
  r7: 00000000  rf: 00000000  r17: 00000000  r1f: 00000000
  cc: 0
at 0c, st.l  r3,1(r2)
  write access at address 108
  r0: 00000000  r8: 00000000  r10: 00000000  r18: 00000000
  r1: 00000008  r9: 00000000  r11: 00000000  r19: 00000000
  r2: 00000108  ra: 00000000  r12: 00000000  r1a: 00000000
  r3: 0000001e  rb: 00000000  r13: 00000000  r1b: 00000000
  r4: 00000000  rc: 00000000  r14: 00000000  r1c: 00000000
  r5: 00000000  rd: 00000000  r15: 00000000  r1d: 00000000
  r6: 00000000  re: 00000000  r16: 00000000  r1e: 00000000
  r7: 00000000  rf: 00000000  r17: 00000000  r1f: 00000000
  cc: 0
at 10, adds  a,r3,r3
  r0: 00000000  r8: 00000000  r10: 00000000  r18: 00000000
  r1: 00000008  r9: 00000000  r11: 00000000  r19: 00000000
  r2: 00000108  ra: 00000000  r12: 00000000  r1a: 00000000
  r3: 00000028  rb: 00000000  r13: 00000000  r1b: 00000000
  r4: 00000000  rc: 00000000  r14: 00000000  r1c: 00000000
  r5: 00000000  rd: 00000000  r15: 00000000  r1d: 00000000
  r6: 00000000  re: 00000000  r16: 00000000  r1e: 00000000
  r7: 00000000  rf: 00000000  r17: 00000000  r1f: 00000000
  cc: 0
at 14, adds  4,r2,r2
  r0: 00000000  r8: 00000000  r10: 00000000  r18: 00000000
  r1: 00000008  r9: 00000000  r11: 00000000  r19: 00000000
  r2: 0000010c  ra: 00000000  r12: 00000000  r1a: 00000000
  r3: 00000028  rb: 00000000  r13: 00000000  r1b: 00000000
  r4: 00000000  rc: 00000000  r14: 00000000  r1c: 00000000
  r5: 00000000  rd: 00000000  r15: 00000000  r1d: 00000000
  r6: 00000000  re: 00000000  r16: 00000000  r1e: 00000000
  r7: 00000000  rf: 00000000  r17: 00000000  r1f: 00000000
  cc: 0
at 18, adds  ffff,r1,r1
  r0: 00000000  r8: 00000000  r10: 00000000  r18: 00000000
  r1: 00000007  r9: 00000000  r11: 00000000  r19: 00000000
  r2: 0000010c  ra: 00000000  r12: 00000000  r1a: 00000000
  r3: 00000028  rb: 00000000  r13: 00000000  r1b: 00000000
  r4: 00000000  rc: 00000000  r14: 00000000  r1c: 00000000
  r5: 00000000  rd: 00000000  r15: 00000000  r1d: 00000000
  r6: 00000000  re: 00000000  r16: 00000000  r1e: 00000000
  r7: 00000000  rf: 00000000  r17: 00000000  r1f: 00000000
  cc: 0
at 1c, btne  r1,r0,fffb (= decimal -5)
  r0: 00000000  r8: 00000000  r10: 00000000  r18: 00000000
  r1: 00000007  r9: 00000000  r11: 00000000  r19: 00000000
  r2: 0000010c  ra: 00000000  r12: 00000000  r1a: 00000000
  r3: 00000028  rb: 00000000  r13: 00000000  r1b: 00000000
  r4: 00000000  rc: 00000000  r14: 00000000  r1c: 00000000
  r5: 00000000  rd: 00000000  r15: 00000000  r1d: 00000000
  r6: 00000000  re: 00000000  r16: 00000000  r1e: 00000000
  r7: 00000000  rf: 00000000  r17: 00000000  r1f: 00000000
  cc: 0
at 0c, st.l  r3,1(r2)
  write access at address 10c
  r0: 00000000  r8: 00000000  r10: 00000000  r18: 00000000
  r1: 00000007  r9: 00000000  r11: 00000000  r19: 00000000
  r2: 0000010c  ra: 00000000  r12: 00000000  r1a: 00000000
  r3: 00000028  rb: 00000000  r13: 00000000  r1b: 00000000
  r4: 00000000  rc: 00000000  r14: 00000000  r1c: 00000000
  r5: 00000000  rd: 00000000  r15: 00000000  r1d: 00000000
  r6: 00000000  re: 00000000  r16: 00000000  r1e: 00000000
  r7: 00000000  rf: 00000000  r17: 00000000  r1f: 00000000
  cc: 0
at 10, adds  a,r3,r3
  r0: 00000000  r8: 00000000  r10: 00000000  r18: 00000000
  r1: 00000007  r9: 00000000  r11: 00000000  r19: 00000000
  r2: 0000010c  ra: 00000000  r12: 00000000  r1a: 00000000
  r3: 00000032  rb: 00000000  r13: 00000000  r1b: 00000000
  r4: 00000000  rc: 00000000  r14: 00000000  r1c: 00000000
  r5: 00000000  rd: 00000000  r15: 00000000  r1d: 00000000
  r6: 00000000  re: 00000000  r16: 00000000  r1e: 00000000
  r7: 00000000  rf: 00000000  r17: 00000000  r1f: 00000000
  cc: 0
at 14, adds  4,r2,r2
  r0: 00000000  r8: 00000000  r10: 00000000  r18: 00000000
  r1: 00000007  r9: 00000000  r11: 00000000  r19: 00000000
  r2: 00000110  ra: 00000000  r12: 00000000  r1a: 00000000
  r3: 00000032  rb: 00000000  r13: 00000000  r1b: 00000000
  r4: 00000000  rc: 00000000  r14: 00000000  r1c: 00000000
  r5: 00000000  rd: 00000000  r15: 00000000  r1d: 00000000
  r6: 00000000  re: 00000000  r16: 00000000  r1e: 00000000
  r7: 00000000  rf: 00000000  r17: 00000000  r1f: 00000000
  cc: 0
at 18, adds  ffff,r1,r1
  r0: 00000000  r8: 00000000  r10: 00000000  r18: 00000000
  r1: 00000006  r9: 00000000  r11: 00000000  r19: 00000000
  r2: 00000110  ra: 00000000  r12: 00000000  r1a: 00000000
  r3: 00000032  rb: 00000000  r13: 00000000  r1b: 00000000
  r4: 00000000  rc: 00000000  r14: 00000000  r1c: 00000000
  r5: 00000000  rd: 00000000  r15: 00000000  r1d: 00000000
  r6: 00000000  re: 00000000  r16: 00000000  r1e: 00000000
  r7: 00000000  rf: 00000000  r17: 00000000  r1f: 00000000
  cc: 0
at 1c, btne  r1,r0,fffb (= decimal -5)
  r0: 00000000  r8: 00000000  r10: 00000000  r18: 00000000
  r1: 00000006  r9: 00000000  r11: 00000000  r19: 00000000
  r2: 00000110  ra: 00000000  r12: 00000000  r1a: 00000000
  r3: 00000032  rb: 00000000  r13: 00000000  r1b: 00000000
  r4: 00000000  rc: 00000000  r14: 00000000  r1c: 00000000
  r5: 00000000  rd: 00000000  r15: 00000000  r1d: 00000000
  r6: 00000000  re: 00000000  r16: 00000000  r1e: 00000000
  r7: 00000000  rf: 00000000  r17: 00000000  r1f: 00000000
  cc: 0
at 0c, st.l  r3,1(r2)
  write access at address 110
  r0: 00000000  r8: 00000000  r10: 00000000  r18: 00000000
  r1: 00000006  r9: 00000000  r11: 00000000  r19: 00000000
  r2: 00000110  ra: 00000000  r12: 00000000  r1a: 00000000
  r3: 00000032  rb: 00000000  r13: 00000000  r1b: 00000000
  r4: 00000000  rc: 00000000  r14: 00000000  r1c: 00000000
  r5: 00000000  rd: 00000000  r15: 00000000  r1d: 00000000
  r6: 00000000  re: 00000000  r16: 00000000  r1e: 00000000
  r7: 00000000  rf: 00000000  r17: 00000000  r1f: 00000000
  cc: 0
at 10, adds  a,r3,r3
  r0: 00000000  r8: 00000000  r10: 00000000  r18: 00000000
  r1: 00000006  r9: 00000000  r11: 00000000  r19: 00000000
  r2: 00000110  ra: 00000000  r12: 00000000  r1a: 00000000
  r3: 0000003c  rb: 00000000  r13: 00000000  r1b: 00000000
  r4: 00000000  rc: 00000000  r14: 00000000  r1c: 00000000
  r5: 00000000  rd: 00000000  r15: 00000000  r1d: 00000000
  r6: 00000000  re: 00000000  r16: 00000000  r1e: 00000000
  r7: 00000000  rf: 00000000  r17: 00000000  r1f: 00000000
  cc: 0
at 14, adds  4,r2,r2
  r0: 00000000  r8: 00000000  r10: 00000000  r18: 00000000
  r1: 00000006  r9: 00000000  r11: 00000000  r19: 00000000
  r2: 00000114  ra: 00000000  r12: 00000000  r1a: 00000000
  r3: 0000003c  rb: 00000000  r13: 00000000  r1b: 00000000
  r4: 00000000  rc: 00000000  r14: 00000000  r1c: 00000000
  r5: 00000000  rd: 00000000  r15: 00000000  r1d: 00000000
  r6: 00000000  re: 00000000  r16: 00000000  r1e: 00000000
  r7: 00000000  rf: 00000000  r17: 00000000  r1f: 00000000
  cc: 0
at 18, adds  ffff,r1,r1
  r0: 00000000  r8: 00000000  r10: 00000000  r18: 00000000
  r1: 00000005  r9: 00000000  r11: 00000000  r19: 00000000
  r2: 00000114  ra: 00000000  r12: 00000000  r1a: 00000000
  r3: 0000003c  rb: 00000000  r13: 00000000  r1b: 00000000
  r4: 00000000  rc: 00000000  r14: 00000000  r1c: 00000000
  r5: 00000000  rd: 00000000  r15: 00000000  r1d: 00000000
  r6: 00000000  re: 00000000  r16: 00000000  r1e: 00000000
  r7: 00000000  rf: 00000000  r17: 00000000  r1f: 00000000
  cc: 0
at 1c, btne  r1,r0,fffb (= decimal -5)
  r0: 00000000  r8: 00000000  r10: 00000000  r18: 00000000
  r1: 00000005  r9: 00000000  r11: 00000000  r19: 00000000
  r2: 00000114  ra: 00000000  r12: 00000000  r1a: 00000000
  r3: 0000003c  rb: 00000000  r13: 00000000  r1b: 00000000
  r4: 00000000  rc: 00000000  r14: 00000000  r1c: 00000000
  r5: 00000000  rd: 00000000  r15: 00000000  r1d: 00000000
  r6: 00000000  re: 00000000  r16: 00000000  r1e: 00000000
  r7: 00000000  rf: 00000000  r17: 00000000  r1f: 00000000
  cc: 0
at 0c, st.l  r3,1(r2)
  write access at address 114
  r0: 00000000  r8: 00000000  r10: 00000000  r18: 00000000
  r1: 00000005  r9: 00000000  r11: 00000000  r19: 00000000
  r2: 00000114  ra: 00000000  r12: 00000000  r1a: 00000000
  r3: 0000003c  rb: 00000000  r13: 00000000  r1b: 00000000
  r4: 00000000  rc: 00000000  r14: 00000000  r1c: 00000000
  r5: 00000000  rd: 00000000  r15: 00000000  r1d: 00000000
  r6: 00000000  re: 00000000  r16: 00000000  r1e: 00000000
  r7: 00000000  rf: 00000000  r17: 00000000  r1f: 00000000
  cc: 0
at 10, adds  a,r3,r3
  r0: 00000000  r8: 00000000  r10: 00000000  r18: 00000000
  r1: 00000005  r9: 00000000  r11: 00000000  r19: 00000000
  r2: 00000114  ra: 00000000  r12: 00000000  r1a: 00000000
  r3: 00000046  rb: 00000000  r13: 00000000  r1b: 00000000
  r4: 00000000  rc: 00000000  r14: 00000000  r1c: 00000000
  r5: 00000000  rd: 00000000  r15: 00000000  r1d: 00000000
  r6: 00000000  re: 00000000  r16: 00000000  r1e: 00000000
  r7: 00000000  rf: 00000000  r17: 00000000  r1f: 00000000
  cc: 0
at 14, adds  4,r2,r2
  r0: 00000000  r8: 00000000  r10: 00000000  r18: 00000000
  r1: 00000005  r9: 00000000  r11: 00000000  r19: 00000000
  r2: 00000118  ra: 00000000  r12: 00000000  r1a: 00000000
  r3: 00000046  rb: 00000000  r13: 00000000  r1b: 00000000
  r4: 00000000  rc: 00000000  r14: 00000000  r1c: 00000000
  r5: 00000000  rd: 00000000  r15: 00000000  r1d: 00000000
  r6: 00000000  re: 00000000  r16: 00000000  r1e: 00000000
  r7: 00000000  rf: 00000000  r17: 00000000  r1f: 00000000
  cc: 0
at 18, adds  ffff,r1,r1
  r0: 00000000  r8: 00000000  r10: 00000000  r18: 00000000
  r1: 00000004  r9: 00000000  r11: 00000000  r19: 00000000
  r2: 00000118  ra: 00000000  r12: 00000000  r1a: 00000000
  r3: 00000046  rb: 00000000  r13: 00000000  r1b: 00000000
  r4: 00000000  rc: 00000000  r14: 00000000  r1c: 00000000
  r5: 00000000  rd: 00000000  r15: 00000000  r1d: 00000000
  r6: 00000000  re: 00000000  r16: 00000000  r1e: 00000000
  r7: 00000000  rf: 00000000  r17: 00000000  r1f: 00000000
  cc: 0
at 1c, btne  r1,r0,fffb (= decimal -5)
  r0: 00000000  r8: 00000000  r10: 00000000  r18: 00000000
  r1: 00000004  r9: 00000000  r11: 00000000  r19: 00000000
  r2: 00000118  ra: 00000000  r12: 00000000  r1a: 00000000
  r3: 00000046  rb: 00000000  r13: 00000000  r1b: 00000000
  r4: 00000000  rc: 00000000  r14: 00000000  r1c: 00000000
  r5: 00000000  rd: 00000000  r15: 00000000  r1d: 00000000
  r6: 00000000  re: 00000000  r16: 00000000  r1e: 00000000
  r7: 00000000  rf: 00000000  r17: 00000000  r1f: 00000000
  cc: 0
at 0c, st.l  r3,1(r2)
  write access at address 118
  r0: 00000000  r8: 00000000  r10: 00000000  r18: 00000000
  r1: 00000004  r9: 00000000  r11: 00000000  r19: 00000000
  r2: 00000118  ra: 00000000  r12: 00000000  r1a: 00000000
  r3: 00000046  rb: 00000000  r13: 00000000  r1b: 00000000
  r4: 00000000  rc: 00000000  r14: 00000000  r1c: 00000000
  r5: 00000000  rd: 00000000  r15: 00000000  r1d: 00000000
  r6: 00000000  re: 00000000  r16: 00000000  r1e: 00000000
  r7: 00000000  rf: 00000000  r17: 00000000  r1f: 00000000
  cc: 0
at 10, adds  a,r3,r3
  r0: 00000000  r8: 00000000  r10: 00000000  r18: 00000000
  r1: 00000004  r9: 00000000  r11: 00000000  r19: 00000000
  r2: 00000118  ra: 00000000  r12: 00000000  r1a: 00000000
  r3: 00000050  rb: 00000000  r13: 00000000  r1b: 00000000
  r4: 00000000  rc: 00000000  r14: 00000000  r1c: 00000000
  r5: 00000000  rd: 00000000  r15: 00000000  r1d: 00000000
  r6: 00000000  re: 00000000  r16: 00000000  r1e: 00000000
  r7: 00000000  rf: 00000000  r17: 00000000  r1f: 00000000
  cc: 0
at 14, adds  4,r2,r2
  r0: 00000000  r8: 00000000  r10: 00000000  r18: 00000000
  r1: 00000004  r9: 00000000  r11: 00000000  r19: 00000000
  r2: 0000011c  ra: 00000000  r12: 00000000  r1a: 00000000
  r3: 00000050  rb: 00000000  r13: 00000000  r1b: 00000000
  r4: 00000000  rc: 00000000  r14: 00000000  r1c: 00000000
  r5: 00000000  rd: 00000000  r15: 00000000  r1d: 00000000
  r6: 00000000  re: 00000000  r16: 00000000  r1e: 00000000
  r7: 00000000  rf: 00000000  r17: 00000000  r1f: 00000000
  cc: 0
at 18, adds  ffff,r1,r1
  r0: 00000000  r8: 00000000  r10: 00000000  r18: 00000000
  r1: 00000003  r9: 00000000  r11: 00000000  r19: 00000000
  r2: 0000011c  ra: 00000000  r12: 00000000  r1a: 00000000
  r3: 00000050  rb: 00000000  r13: 00000000  r1b: 00000000
  r4: 00000000  rc: 00000000  r14: 00000000  r1c: 00000000
  r5: 00000000  rd: 00000000  r15: 00000000  r1d: 00000000
  r6: 00000000  re: 00000000  r16: 00000000  r1e: 00000000
  r7: 00000000  rf: 00000000  r17: 00000000  r1f: 00000000
  cc: 0
at 1c, btne  r1,r0,fffb (= decimal -5)
  r0: 00000000  r8: 00000000  r10: 00000000  r18: 00000000
  r1: 00000003  r9: 00000000  r11: 00000000  r19: 00000000
  r2: 0000011c  ra: 00000000  r12: 00000000  r1a: 00000000
  r3: 00000050  rb: 00000000  r13: 00000000  r1b: 00000000
  r4: 00000000  rc: 00000000  r14: 00000000  r1c: 00000000
  r5: 00000000  rd: 00000000  r15: 00000000  r1d: 00000000
  r6: 00000000  re: 00000000  r16: 00000000  r1e: 00000000
  r7: 00000000  rf: 00000000  r17: 00000000  r1f: 00000000
  cc: 0
at 0c, st.l  r3,1(r2)
  write access at address 11c
  r0: 00000000  r8: 00000000  r10: 00000000  r18: 00000000
  r1: 00000003  r9: 00000000  r11: 00000000  r19: 00000000
  r2: 0000011c  ra: 00000000  r12: 00000000  r1a: 00000000
  r3: 00000050  rb: 00000000  r13: 00000000  r1b: 00000000
  r4: 00000000  rc: 00000000  r14: 00000000  r1c: 00000000
  r5: 00000000  rd: 00000000  r15: 00000000  r1d: 00000000
  r6: 00000000  re: 00000000  r16: 00000000  r1e: 00000000
  r7: 00000000  rf: 00000000  r17: 00000000  r1f: 00000000
  cc: 0
at 10, adds  a,r3,r3
  r0: 00000000  r8: 00000000  r10: 00000000  r18: 00000000
  r1: 00000003  r9: 00000000  r11: 00000000  r19: 00000000
  r2: 0000011c  ra: 00000000  r12: 00000000  r1a: 00000000
  r3: 0000005a  rb: 00000000  r13: 00000000  r1b: 00000000
  r4: 00000000  rc: 00000000  r14: 00000000  r1c: 00000000
  r5: 00000000  rd: 00000000  r15: 00000000  r1d: 00000000
  r6: 00000000  re: 00000000  r16: 00000000  r1e: 00000000
  r7: 00000000  rf: 00000000  r17: 00000000  r1f: 00000000
  cc: 0
at 14, adds  4,r2,r2
  r0: 00000000  r8: 00000000  r10: 00000000  r18: 00000000
  r1: 00000003  r9: 00000000  r11: 00000000  r19: 00000000
  r2: 00000120  ra: 00000000  r12: 00000000  r1a: 00000000
  r3: 0000005a  rb: 00000000  r13: 00000000  r1b: 00000000
  r4: 00000000  rc: 00000000  r14: 00000000  r1c: 00000000
  r5: 00000000  rd: 00000000  r15: 00000000  r1d: 00000000
  r6: 00000000  re: 00000000  r16: 00000000  r1e: 00000000
  r7: 00000000  rf: 00000000  r17: 00000000  r1f: 00000000
  cc: 0
at 18, adds  ffff,r1,r1
  r0: 00000000  r8: 00000000  r10: 00000000  r18: 00000000
  r1: 00000002  r9: 00000000  r11: 00000000  r19: 00000000
  r2: 00000120  ra: 00000000  r12: 00000000  r1a: 00000000
  r3: 0000005a  rb: 00000000  r13: 00000000  r1b: 00000000
  r4: 00000000  rc: 00000000  r14: 00000000  r1c: 00000000
  r5: 00000000  rd: 00000000  r15: 00000000  r1d: 00000000
  r6: 00000000  re: 00000000  r16: 00000000  r1e: 00000000
  r7: 00000000  rf: 00000000  r17: 00000000  r1f: 00000000
  cc: 0
at 1c, btne  r1,r0,fffb (= decimal -5)
  r0: 00000000  r8: 00000000  r10: 00000000  r18: 00000000
  r1: 00000002  r9: 00000000  r11: 00000000  r19: 00000000
  r2: 00000120  ra: 00000000  r12: 00000000  r1a: 00000000
  r3: 0000005a  rb: 00000000  r13: 00000000  r1b: 00000000
  r4: 00000000  rc: 00000000  r14: 00000000  r1c: 00000000
  r5: 00000000  rd: 00000000  r15: 00000000  r1d: 00000000
  r6: 00000000  re: 00000000  r16: 00000000  r1e: 00000000
  r7: 00000000  rf: 00000000  r17: 00000000  r1f: 00000000
  cc: 0
at 0c, st.l  r3,1(r2)
  write access at address 120
  r0: 00000000  r8: 00000000  r10: 00000000  r18: 00000000
  r1: 00000002  r9: 00000000  r11: 00000000  r19: 00000000
  r2: 00000120  ra: 00000000  r12: 00000000  r1a: 00000000
  r3: 0000005a  rb: 00000000  r13: 00000000  r1b: 00000000
  r4: 00000000  rc: 00000000  r14: 00000000  r1c: 00000000
  r5: 00000000  rd: 00000000  r15: 00000000  r1d: 00000000
  r6: 00000000  re: 00000000  r16: 00000000  r1e: 00000000
  r7: 00000000  rf: 00000000  r17: 00000000  r1f: 00000000
  cc: 0
at 10, adds  a,r3,r3
  r0: 00000000  r8: 00000000  r10: 00000000  r18: 00000000
  r1: 00000002  r9: 00000000  r11: 00000000  r19: 00000000
  r2: 00000120  ra: 00000000  r12: 00000000  r1a: 00000000
  r3: 00000064  rb: 00000000  r13: 00000000  r1b: 00000000
  r4: 00000000  rc: 00000000  r14: 00000000  r1c: 00000000
  r5: 00000000  rd: 00000000  r15: 00000000  r1d: 00000000
  r6: 00000000  re: 00000000  r16: 00000000  r1e: 00000000
  r7: 00000000  rf: 00000000  r17: 00000000  r1f: 00000000
  cc: 0
at 14, adds  4,r2,r2
  r0: 00000000  r8: 00000000  r10: 00000000  r18: 00000000
  r1: 00000002  r9: 00000000  r11: 00000000  r19: 00000000
  r2: 00000124  ra: 00000000  r12: 00000000  r1a: 00000000
  r3: 00000064  rb: 00000000  r13: 00000000  r1b: 00000000
  r4: 00000000  rc: 00000000  r14: 00000000  r1c: 00000000
  r5: 00000000  rd: 00000000  r15: 00000000  r1d: 00000000
  r6: 00000000  re: 00000000  r16: 00000000  r1e: 00000000
  r7: 00000000  rf: 00000000  r17: 00000000  r1f: 00000000
  cc: 0
at 18, adds  ffff,r1,r1
  r0: 00000000  r8: 00000000  r10: 00000000  r18: 00000000
  r1: 00000001  r9: 00000000  r11: 00000000  r19: 00000000
  r2: 00000124  ra: 00000000  r12: 00000000  r1a: 00000000
  r3: 00000064  rb: 00000000  r13: 00000000  r1b: 00000000
  r4: 00000000  rc: 00000000  r14: 00000000  r1c: 00000000
  r5: 00000000  rd: 00000000  r15: 00000000  r1d: 00000000
  r6: 00000000  re: 00000000  r16: 00000000  r1e: 00000000
  r7: 00000000  rf: 00000000  r17: 00000000  r1f: 00000000
  cc: 0
at 1c, btne  r1,r0,fffb (= decimal -5)
  r0: 00000000  r8: 00000000  r10: 00000000  r18: 00000000
  r1: 00000001  r9: 00000000  r11: 00000000  r19: 00000000
  r2: 00000124  ra: 00000000  r12: 00000000  r1a: 00000000
  r3: 00000064  rb: 00000000  r13: 00000000  r1b: 00000000
  r4: 00000000  rc: 00000000  r14: 00000000  r1c: 00000000
  r5: 00000000  rd: 00000000  r15: 00000000  r1d: 00000000
  r6: 00000000  re: 00000000  r16: 00000000  r1e: 00000000
  r7: 00000000  rf: 00000000  r17: 00000000  r1f: 00000000
  cc: 0
at 0c, st.l  r3,1(r2)
  write access at address 124
  r0: 00000000  r8: 00000000  r10: 00000000  r18: 00000000
  r1: 00000001  r9: 00000000  r11: 00000000  r19: 00000000
  r2: 00000124  ra: 00000000  r12: 00000000  r1a: 00000000
  r3: 00000064  rb: 00000000  r13: 00000000  r1b: 00000000
  r4: 00000000  rc: 00000000  r14: 00000000  r1c: 00000000
  r5: 00000000  rd: 00000000  r15: 00000000  r1d: 00000000
  r6: 00000000  re: 00000000  r16: 00000000  r1e: 00000000
  r7: 00000000  rf: 00000000  r17: 00000000  r1f: 00000000
  cc: 0
at 10, adds  a,r3,r3
  r0: 00000000  r8: 00000000  r10: 00000000  r18: 00000000
  r1: 00000001  r9: 00000000  r11: 00000000  r19: 00000000
  r2: 00000124  ra: 00000000  r12: 00000000  r1a: 00000000
  r3: 0000006e  rb: 00000000  r13: 00000000  r1b: 00000000
  r4: 00000000  rc: 00000000  r14: 00000000  r1c: 00000000
  r5: 00000000  rd: 00000000  r15: 00000000  r1d: 00000000
  r6: 00000000  re: 00000000  r16: 00000000  r1e: 00000000
  r7: 00000000  rf: 00000000  r17: 00000000  r1f: 00000000
  cc: 0
at 14, adds  4,r2,r2
  r0: 00000000  r8: 00000000  r10: 00000000  r18: 00000000
  r1: 00000001  r9: 00000000  r11: 00000000  r19: 00000000
  r2: 00000128  ra: 00000000  r12: 00000000  r1a: 00000000
  r3: 0000006e  rb: 00000000  r13: 00000000  r1b: 00000000
  r4: 00000000  rc: 00000000  r14: 00000000  r1c: 00000000
  r5: 00000000  rd: 00000000  r15: 00000000  r1d: 00000000
  r6: 00000000  re: 00000000  r16: 00000000  r1e: 00000000
  r7: 00000000  rf: 00000000  r17: 00000000  r1f: 00000000
  cc: 0
at 18, adds  ffff,r1,r1
  r0: 00000000  r8: 00000000  r10: 00000000  r18: 00000000
  r1: 00000000  r9: 00000000  r11: 00000000  r19: 00000000
  r2: 00000128  ra: 00000000  r12: 00000000  r1a: 00000000
  r3: 0000006e  rb: 00000000  r13: 00000000  r1b: 00000000
  r4: 00000000  rc: 00000000  r14: 00000000  r1c: 00000000
  r5: 00000000  rd: 00000000  r15: 00000000  r1d: 00000000
  r6: 00000000  re: 00000000  r16: 00000000  r1e: 00000000
  r7: 00000000  rf: 00000000  r17: 00000000  r1f: 00000000
  cc: 1
at 1c, btne  r1,r0,fffb (= decimal -5)
  r0: 00000000  r8: 00000000  r10: 00000000  r18: 00000000
  r1: 00000000  r9: 00000000  r11: 00000000  r19: 00000000
  r2: 00000128  ra: 00000000  r12: 00000000  r1a: 00000000
  r3: 0000006e  rb: 00000000  r13: 00000000  r1b: 00000000
  r4: 00000000  rc: 00000000  r14: 00000000  r1c: 00000000
  r5: 00000000  rd: 00000000  r15: 00000000  r1d: 00000000
  r6: 00000000  re: 00000000  r16: 00000000  r1e: 00000000
  r7: 00000000  rf: 00000000  r17: 00000000  r1f: 00000000
  cc: 1
at 20, adds  3,r0,r1
  r0: 00000000  r8: 00000000  r10: 00000000  r18: 00000000
  r1: 00000003  r9: 00000000  r11: 00000000  r19: 00000000
  r2: 00000128  ra: 00000000  r12: 00000000  r1a: 00000000
  r3: 0000006e  rb: 00000000  r13: 00000000  r1b: 00000000
  r4: 00000000  rc: 00000000  r14: 00000000  r1c: 00000000
  r5: 00000000  rd: 00000000  r15: 00000000  r1d: 00000000
  r6: 00000000  re: 00000000  r16: 00000000  r1e: 00000000
  r7: 00000000  rf: 00000000  r17: 00000000  r1f: 00000000
  cc: 0
at 24, adds  100,r0,r2
  r0: 00000000  r8: 00000000  r10: 00000000  r18: 00000000
  r1: 00000003  r9: 00000000  r11: 00000000  r19: 00000000
  r2: 00000100  ra: 00000000  r12: 00000000  r1a: 00000000
  r3: 0000006e  rb: 00000000  r13: 00000000  r1b: 00000000
  r4: 00000000  rc: 00000000  r14: 00000000  r1c: 00000000
  r5: 00000000  rd: 00000000  r15: 00000000  r1d: 00000000
  r6: 00000000  re: 00000000  r16: 00000000  r1e: 00000000
  r7: 00000000  rf: 00000000  r17: 00000000  r1f: 00000000
  cc: 0
at 28, adds  0,r0,r4
  r0: 00000000  r8: 00000000  r10: 00000000  r18: 00000000
  r1: 00000003  r9: 00000000  r11: 00000000  r19: 00000000
  r2: 00000100  ra: 00000000  r12: 00000000  r1a: 00000000
  r3: 0000006e  rb: 00000000  r13: 00000000  r1b: 00000000
  r4: 00000000  rc: 00000000  r14: 00000000  r1c: 00000000
  r5: 00000000  rd: 00000000  r15: 00000000  r1d: 00000000
  r6: 00000000  re: 00000000  r16: 00000000  r1e: 00000000
  r7: 00000000  rf: 00000000  r17: 00000000  r1f: 00000000
  cc: 0
at 2c, ld.l  r2(r0),r3
  read access at address 100
  r0: 00000000  r8: 00000000  r10: 00000000  r18: 00000000
  r1: 00000003  r9: 00000000  r11: 00000000  r19: 00000000
  r2: 00000100  ra: 00000000  r12: 00000000  r1a: 00000000
  r3: 0000000a  rb: 00000000  r13: 00000000  r1b: 00000000
  r4: 00000000  rc: 00000000  r14: 00000000  r1c: 00000000
  r5: 00000000  rd: 00000000  r15: 00000000  r1d: 00000000
  r6: 00000000  re: 00000000  r16: 00000000  r1e: 00000000
  r7: 00000000  rf: 00000000  r17: 00000000  r1f: 00000000
  cc: 0
at 30, adds  r4,r3,r4
  r0: 00000000  r8: 00000000  r10: 00000000  r18: 00000000
  r1: 00000003  r9: 00000000  r11: 00000000  r19: 00000000
  r2: 00000100  ra: 00000000  r12: 00000000  r1a: 00000000
  r3: 0000000a  rb: 00000000  r13: 00000000  r1b: 00000000
  r4: 0000000a  rc: 00000000  r14: 00000000  r1c: 00000000
  r5: 00000000  rd: 00000000  r15: 00000000  r1d: 00000000
  r6: 00000000  re: 00000000  r16: 00000000  r1e: 00000000
  r7: 00000000  rf: 00000000  r17: 00000000  r1f: 00000000
  cc: 0
at 34, adds  4,r2,r2
  r0: 00000000  r8: 00000000  r10: 00000000  r18: 00000000
  r1: 00000003  r9: 00000000  r11: 00000000  r19: 00000000
  r2: 00000104  ra: 00000000  r12: 00000000  r1a: 00000000
  r3: 0000000a  rb: 00000000  r13: 00000000  r1b: 00000000
  r4: 0000000a  rc: 00000000  r14: 00000000  r1c: 00000000
  r5: 00000000  rd: 00000000  r15: 00000000  r1d: 00000000
  r6: 00000000  re: 00000000  r16: 00000000  r1e: 00000000
  r7: 00000000  rf: 00000000  r17: 00000000  r1f: 00000000
  cc: 0
at 38, adds  ffff,r1,r1
  r0: 00000000  r8: 00000000  r10: 00000000  r18: 00000000
  r1: 00000002  r9: 00000000  r11: 00000000  r19: 00000000
  r2: 00000104  ra: 00000000  r12: 00000000  r1a: 00000000
  r3: 0000000a  rb: 00000000  r13: 00000000  r1b: 00000000
  r4: 0000000a  rc: 00000000  r14: 00000000  r1c: 00000000
  r5: 00000000  rd: 00000000  r15: 00000000  r1d: 00000000
  r6: 00000000  re: 00000000  r16: 00000000  r1e: 00000000
  r7: 00000000  rf: 00000000  r17: 00000000  r1f: 00000000
  cc: 0
at 3c, btne  r1,r0,fffb (= decimal -5)
  r0: 00000000  r8: 00000000  r10: 00000000  r18: 00000000
  r1: 00000002  r9: 00000000  r11: 00000000  r19: 00000000
  r2: 00000104  ra: 00000000  r12: 00000000  r1a: 00000000
  r3: 0000000a  rb: 00000000  r13: 00000000  r1b: 00000000
  r4: 0000000a  rc: 00000000  r14: 00000000  r1c: 00000000
  r5: 00000000  rd: 00000000  r15: 00000000  r1d: 00000000
  r6: 00000000  re: 00000000  r16: 00000000  r1e: 00000000
  r7: 00000000  rf: 00000000  r17: 00000000  r1f: 00000000
  cc: 0
at 2c, ld.l  r2(r0),r3
  read access at address 104
  r0: 00000000  r8: 00000000  r10: 00000000  r18: 00000000
  r1: 00000002  r9: 00000000  r11: 00000000  r19: 00000000
  r2: 00000104  ra: 00000000  r12: 00000000  r1a: 00000000
  r3: 00000014  rb: 00000000  r13: 00000000  r1b: 00000000
  r4: 0000000a  rc: 00000000  r14: 00000000  r1c: 00000000
  r5: 00000000  rd: 00000000  r15: 00000000  r1d: 00000000
  r6: 00000000  re: 00000000  r16: 00000000  r1e: 00000000
  r7: 00000000  rf: 00000000  r17: 00000000  r1f: 00000000
  cc: 0
at 30, adds  r4,r3,r4
  r0: 00000000  r8: 00000000  r10: 00000000  r18: 00000000
  r1: 00000002  r9: 00000000  r11: 00000000  r19: 00000000
  r2: 00000104  ra: 00000000  r12: 00000000  r1a: 00000000
  r3: 00000014  rb: 00000000  r13: 00000000  r1b: 00000000
  r4: 0000001e  rc: 00000000  r14: 00000000  r1c: 00000000
  r5: 00000000  rd: 00000000  r15: 00000000  r1d: 00000000
  r6: 00000000  re: 00000000  r16: 00000000  r1e: 00000000
  r7: 00000000  rf: 00000000  r17: 00000000  r1f: 00000000
  cc: 0
at 34, adds  4,r2,r2
  r0: 00000000  r8: 00000000  r10: 00000000  r18: 00000000
  r1: 00000002  r9: 00000000  r11: 00000000  r19: 00000000
  r2: 00000108  ra: 00000000  r12: 00000000  r1a: 00000000
  r3: 00000014  rb: 00000000  r13: 00000000  r1b: 00000000
  r4: 0000001e  rc: 00000000  r14: 00000000  r1c: 00000000
  r5: 00000000  rd: 00000000  r15: 00000000  r1d: 00000000
  r6: 00000000  re: 00000000  r16: 00000000  r1e: 00000000
  r7: 00000000  rf: 00000000  r17: 00000000  r1f: 00000000
  cc: 0
at 38, adds  ffff,r1,r1
  r0: 00000000  r8: 00000000  r10: 00000000  r18: 00000000
  r1: 00000001  r9: 00000000  r11: 00000000  r19: 00000000
  r2: 00000108  ra: 00000000  r12: 00000000  r1a: 00000000
  r3: 00000014  rb: 00000000  r13: 00000000  r1b: 00000000
  r4: 0000001e  rc: 00000000  r14: 00000000  r1c: 00000000
  r5: 00000000  rd: 00000000  r15: 00000000  r1d: 00000000
  r6: 00000000  re: 00000000  r16: 00000000  r1e: 00000000
  r7: 00000000  rf: 00000000  r17: 00000000  r1f: 00000000
  cc: 0
at 3c, btne  r1,r0,fffb (= decimal -5)
  r0: 00000000  r8: 00000000  r10: 00000000  r18: 00000000
  r1: 00000001  r9: 00000000  r11: 00000000  r19: 00000000
  r2: 00000108  ra: 00000000  r12: 00000000  r1a: 00000000
  r3: 00000014  rb: 00000000  r13: 00000000  r1b: 00000000
  r4: 0000001e  rc: 00000000  r14: 00000000  r1c: 00000000
  r5: 00000000  rd: 00000000  r15: 00000000  r1d: 00000000
  r6: 00000000  re: 00000000  r16: 00000000  r1e: 00000000
  r7: 00000000  rf: 00000000  r17: 00000000  r1f: 00000000
  cc: 0
at 2c, ld.l  r2(r0),r3
  read access at address 108
  r0: 00000000  r8: 00000000  r10: 00000000  r18: 00000000
  r1: 00000001  r9: 00000000  r11: 00000000  r19: 00000000
  r2: 00000108  ra: 00000000  r12: 00000000  r1a: 00000000
  r3: 0000001e  rb: 00000000  r13: 00000000  r1b: 00000000
  r4: 0000001e  rc: 00000000  r14: 00000000  r1c: 00000000
  r5: 00000000  rd: 00000000  r15: 00000000  r1d: 00000000
  r6: 00000000  re: 00000000  r16: 00000000  r1e: 00000000
  r7: 00000000  rf: 00000000  r17: 00000000  r1f: 00000000
  cc: 0
at 30, adds  r4,r3,r4
  r0: 00000000  r8: 00000000  r10: 00000000  r18: 00000000
  r1: 00000001  r9: 00000000  r11: 00000000  r19: 00000000
  r2: 00000108  ra: 00000000  r12: 00000000  r1a: 00000000
  r3: 0000001e  rb: 00000000  r13: 00000000  r1b: 00000000
  r4: 0000003c  rc: 00000000  r14: 00000000  r1c: 00000000
  r5: 00000000  rd: 00000000  r15: 00000000  r1d: 00000000
  r6: 00000000  re: 00000000  r16: 00000000  r1e: 00000000
  r7: 00000000  rf: 00000000  r17: 00000000  r1f: 00000000
  cc: 0
at 34, adds  4,r2,r2
  r0: 00000000  r8: 00000000  r10: 00000000  r18: 00000000
  r1: 00000001  r9: 00000000  r11: 00000000  r19: 00000000
  r2: 0000010c  ra: 00000000  r12: 00000000  r1a: 00000000
  r3: 0000001e  rb: 00000000  r13: 00000000  r1b: 00000000
  r4: 0000003c  rc: 00000000  r14: 00000000  r1c: 00000000
  r5: 00000000  rd: 00000000  r15: 00000000  r1d: 00000000
  r6: 00000000  re: 00000000  r16: 00000000  r1e: 00000000
  r7: 00000000  rf: 00000000  r17: 00000000  r1f: 00000000
  cc: 0
at 38, adds  ffff,r1,r1
  r0: 00000000  r8: 00000000  r10: 00000000  r18: 00000000
  r1: 00000000  r9: 00000000  r11: 00000000  r19: 00000000
  r2: 0000010c  ra: 00000000  r12: 00000000  r1a: 00000000
  r3: 0000001e  rb: 00000000  r13: 00000000  r1b: 00000000
  r4: 0000003c  rc: 00000000  r14: 00000000  r1c: 00000000
  r5: 00000000  rd: 00000000  r15: 00000000  r1d: 00000000
  r6: 00000000  re: 00000000  r16: 00000000  r1e: 00000000
  r7: 00000000  rf: 00000000  r17: 00000000  r1f: 00000000
  cc: 1
at 3c, btne  r1,r0,fffb (= decimal -5)
  r0: 00000000  r8: 00000000  r10: 00000000  r18: 00000000
  r1: 00000000  r9: 00000000  r11: 00000000  r19: 00000000
  r2: 0000010c  ra: 00000000  r12: 00000000  r1a: 00000000
  r3: 0000001e  rb: 00000000  r13: 00000000  r1b: 00000000
  r4: 0000003c  rc: 00000000  r14: 00000000  r1c: 00000000
  r5: 00000000  rd: 00000000  r15: 00000000  r1d: 00000000
  r6: 00000000  re: 00000000  r16: 00000000  r1e: 00000000
  r7: 00000000  rf: 00000000  r17: 00000000  r1f: 00000000
  cc: 1
at 40, halt
  r0: 00000000  r8: 00000000  r10: 00000000  r18: 00000000
  r1: 00000000  r9: 00000000  r11: 00000000  r19: 00000000
  r2: 0000010c  ra: 00000000  r12: 00000000  r1a: 00000000
  r3: 0000001e  rb: 00000000  r13: 00000000  r1b: 00000000
  r4: 0000003c  rc: 00000000  r14: 00000000  r1c: 00000000
  r5: 00000000  rd: 00000000  r15: 00000000  r1d: 00000000
  r6: 00000000  re: 00000000  r16: 00000000  r1e: 00000000
  r7: 00000000  rf: 00000000  r17: 00000000  r1f: 00000000
  cc: 1

execution statistics (in decimal):
  instruction fetches = 72
  data words read     = 3
  data words written  = 10
  branches executed   = 13
  branches taken      = 11 (84.6%)
cache statistics (in decimal):
  cache reads       = 3
  cache writes      = 10
  cache hits        = 10
  cache misses      = 3
  cache write backs = 0
